  MainProcess.cpp
E:\Facultate\PPC\ClinicMPI\ClinicMPI\PatientForm.h(214,17): warning C4477: 'sprintf' : format string '%s' requires an argument of type 'char *', but variadic argument 1 has type 'System::String ^'
E:\Facultate\PPC\ClinicMPI\ClinicMPI\PatientForm.h(215,20): warning C4477: 'sprintf' : format string '%s' requires an argument of type 'char *', but variadic argument 1 has type 'System::String ^'
E:\Facultate\PPC\ClinicMPI\ClinicMPI\PatientForm.h(216,16): warning C4477: 'sprintf' : format string '%s' requires an argument of type 'char *', but variadic argument 1 has type 'System::String ^'
E:\Facultate\PPC\ClinicMPI\ClinicMPI\PatientForm.h(214,3): warning C4996: 'sprintf': This function or variable may be unsafe. Consider using sprintf_s instead. To disable deprecation, use _CRT_SECURE_NO_WARNINGS. See online help for details.
E:\Facultate\PPC\ClinicMPI\ClinicMPI\PatientForm.h(215,3): warning C4996: 'sprintf': This function or variable may be unsafe. Consider using sprintf_s instead. To disable deprecation, use _CRT_SECURE_NO_WARNINGS. See online help for details.
E:\Facultate\PPC\ClinicMPI\ClinicMPI\PatientForm.h(216,3): warning C4996: 'sprintf': This function or variable may be unsafe. Consider using sprintf_s instead. To disable deprecation, use _CRT_SECURE_NO_WARNINGS. See online help for details.
  MedicalSystemMainProgram.cpp
E:\Facultate\PPC\ClinicMPI\ClinicMPI\PatientForm.h(214,17): warning C4477: 'sprintf' : format string '%s' requires an argument of type 'char *', but variadic argument 1 has type 'System::String ^'
E:\Facultate\PPC\ClinicMPI\ClinicMPI\PatientForm.h(215,20): warning C4477: 'sprintf' : format string '%s' requires an argument of type 'char *', but variadic argument 1 has type 'System::String ^'
E:\Facultate\PPC\ClinicMPI\ClinicMPI\PatientForm.h(216,16): warning C4477: 'sprintf' : format string '%s' requires an argument of type 'char *', but variadic argument 1 has type 'System::String ^'
E:\Facultate\PPC\ClinicMPI\ClinicMPI\PatientForm.h(214,3): warning C4996: 'sprintf': This function or variable may be unsafe. Consider using sprintf_s instead. To disable deprecation, use _CRT_SECURE_NO_WARNINGS. See online help for details.
E:\Facultate\PPC\ClinicMPI\ClinicMPI\PatientForm.h(215,3): warning C4996: 'sprintf': This function or variable may be unsafe. Consider using sprintf_s instead. To disable deprecation, use _CRT_SECURE_NO_WARNINGS. See online help for details.
E:\Facultate\PPC\ClinicMPI\ClinicMPI\PatientForm.h(216,3): warning C4996: 'sprintf': This function or variable may be unsafe. Consider using sprintf_s instead. To disable deprecation, use _CRT_SECURE_NO_WARNINGS. See online help for details.
  MenuForm.cpp
E:\Facultate\PPC\ClinicMPI\ClinicMPI\PatientForm.h(214,17): warning C4477: 'sprintf' : format string '%s' requires an argument of type 'char *', but variadic argument 1 has type 'System::String ^'
E:\Facultate\PPC\ClinicMPI\ClinicMPI\PatientForm.h(215,20): warning C4477: 'sprintf' : format string '%s' requires an argument of type 'char *', but variadic argument 1 has type 'System::String ^'
E:\Facultate\PPC\ClinicMPI\ClinicMPI\PatientForm.h(216,16): warning C4477: 'sprintf' : format string '%s' requires an argument of type 'char *', but variadic argument 1 has type 'System::String ^'
E:\Facultate\PPC\ClinicMPI\ClinicMPI\PatientForm.h(214,3): warning C4996: 'sprintf': This function or variable may be unsafe. Consider using sprintf_s instead. To disable deprecation, use _CRT_SECURE_NO_WARNINGS. See online help for details.
E:\Facultate\PPC\ClinicMPI\ClinicMPI\PatientForm.h(215,3): warning C4996: 'sprintf': This function or variable may be unsafe. Consider using sprintf_s instead. To disable deprecation, use _CRT_SECURE_NO_WARNINGS. See online help for details.
E:\Facultate\PPC\ClinicMPI\ClinicMPI\PatientForm.h(216,3): warning C4996: 'sprintf': This function or variable may be unsafe. Consider using sprintf_s instead. To disable deprecation, use _CRT_SECURE_NO_WARNINGS. See online help for details.
  PatientForm.cpp
E:\Facultate\PPC\ClinicMPI\ClinicMPI\PatientForm.h(214,17): warning C4477: 'sprintf' : format string '%s' requires an argument of type 'char *', but variadic argument 1 has type 'System::String ^'
E:\Facultate\PPC\ClinicMPI\ClinicMPI\PatientForm.h(215,20): warning C4477: 'sprintf' : format string '%s' requires an argument of type 'char *', but variadic argument 1 has type 'System::String ^'
E:\Facultate\PPC\ClinicMPI\ClinicMPI\PatientForm.h(216,16): warning C4477: 'sprintf' : format string '%s' requires an argument of type 'char *', but variadic argument 1 has type 'System::String ^'
E:\Facultate\PPC\ClinicMPI\ClinicMPI\PatientForm.h(214,3): warning C4996: 'sprintf': This function or variable may be unsafe. Consider using sprintf_s instead. To disable deprecation, use _CRT_SECURE_NO_WARNINGS. See online help for details.
E:\Facultate\PPC\ClinicMPI\ClinicMPI\PatientForm.h(215,3): warning C4996: 'sprintf': This function or variable may be unsafe. Consider using sprintf_s instead. To disable deprecation, use _CRT_SECURE_NO_WARNINGS. See online help for details.
E:\Facultate\PPC\ClinicMPI\ClinicMPI\PatientForm.h(216,3): warning C4996: 'sprintf': This function or variable may be unsafe. Consider using sprintf_s instead. To disable deprecation, use _CRT_SECURE_NO_WARNINGS. See online help for details.
  Generating Code...
  MainProcess.obj : MSIL module encountered; incremental linking is disabled for MSIL; performing full link
  ClinicMPI.vcxproj -> E:\Facultate\PPC\ClinicMPI\x64\Release\ClinicMPI.exe
